<?xml version="1.0" encoding="UTF-8"?>
<testsuite xmlns:xsi="http://www.w3.org/2001/XMLSchema-instance" xsi:noNamespaceSchemaLocation="https://maven.apache.org/surefire/maven-surefire-plugin/xsd/surefire-test-report-3.0.xsd" version="3.0" name="app.controllertest.BarbeiroControllerTest" time="5.664" tests="11" errors="0" skipped="0" failures="4">
  <properties>
[...]
</properties>
  <testcase name="test_SaveThrow" classname="app.controllertest.BarbeiroControllerTest" time="0.125">
    <system-out><![CDATA[21:25:08.131 [main] INFO org.springframework.test.context.support.AnnotationConfigContextLoaderUtils -- Could not detect default configuration classes for test class [app.controllertest.BarbeiroControllerTest]: BarbeiroControllerTest does not declare any static, non-private, non-final, nested classes annotated with @Configuration.
21:25:08.229 [main] INFO org.springframework.boot.test.context.SpringBootTestContextBootstrapper -- Found @SpringBootConfiguration app.BarberShopApplication for test class app.controllertest.BarbeiroControllerTest

  .   ____          _            __ _ _
 /\\ / ___'_ __ _ _(_)_ __  __ _ \ \ \ \
( ( )\___ | '_ | '_| | '_ \/ _` | \ \ \ \
 \\/  ___)| |_)| | | | | || (_| |  ) ) ) )
  '  |____| .__|_| |_|_| |_\__, | / / / /
 =========|_|==============|___/=/_/_/_/

 :: Spring Boot ::                (v3.3.4)

2024-09-25T21:25:08.577-03:00  INFO 15892 --- [BarberShop] [           main] a.controllertest.BarbeiroControllerTest  : Starting BarbeiroControllerTest using Java 17.0.10 with PID 15892 (started by rafin in C:\Users\rafin\OneDrive\Área de Trabalho\BARBA\BarberShopTestes)
2024-09-25T21:25:08.579-03:00  INFO 15892 --- [BarberShop] [           main] a.controllertest.BarbeiroControllerTest  : No active profile set, falling back to 1 default profile: "default"
2024-09-25T21:25:09.126-03:00  INFO 15892 --- [BarberShop] [           main] .s.d.r.c.RepositoryConfigurationDelegate : Bootstrapping Spring Data JPA repositories in DEFAULT mode.
2024-09-25T21:25:09.188-03:00  INFO 15892 --- [BarberShop] [           main] .s.d.r.c.RepositoryConfigurationDelegate : Finished Spring Data repository scanning in 54 ms. Found 5 JPA repository interfaces.
2024-09-25T21:25:09.635-03:00  INFO 15892 --- [BarberShop] [           main] o.hibernate.jpa.internal.util.LogHelper  : HHH000204: Processing PersistenceUnitInfo [name: default]
2024-09-25T21:25:09.698-03:00  INFO 15892 --- [BarberShop] [           main] org.hibernate.Version                    : HHH000412: Hibernate ORM core version 6.5.3.Final
2024-09-25T21:25:09.746-03:00  INFO 15892 --- [BarberShop] [           main] o.h.c.internal.RegionFactoryInitiator    : HHH000026: Second-level cache disabled
2024-09-25T21:25:10.083-03:00  INFO 15892 --- [BarberShop] [           main] o.s.o.j.p.SpringPersistenceUnitInfo      : No LoadTimeWeaver setup: ignoring JPA class transformer
2024-09-25T21:25:10.112-03:00  INFO 15892 --- [BarberShop] [           main] com.zaxxer.hikari.HikariDataSource       : HikariPool-1 - Starting...
2024-09-25T21:25:10.393-03:00  INFO 15892 --- [BarberShop] [           main] com.zaxxer.hikari.pool.HikariPool        : HikariPool-1 - Added connection com.mysql.cj.jdbc.ConnectionImpl@4b336cc8
2024-09-25T21:25:10.395-03:00  INFO 15892 --- [BarberShop] [           main] com.zaxxer.hikari.HikariDataSource       : HikariPool-1 - Start completed.
2024-09-25T21:25:11.319-03:00  INFO 15892 --- [BarberShop] [           main] o.h.e.t.j.p.i.JtaPlatformInitiator       : HHH000489: No JTA platform available (set 'hibernate.transaction.jta.platform' to enable JTA platform integration)
2024-09-25T21:25:11.383-03:00  INFO 15892 --- [BarberShop] [           main] j.LocalContainerEntityManagerFactoryBean : Initialized JPA EntityManagerFactory for persistence unit 'default'
2024-09-25T21:25:11.692-03:00  INFO 15892 --- [BarberShop] [           main] o.s.d.j.r.query.QueryEnhancerFactory     : Hibernate is in classpath; If applicable, HQL parser will be used.
2024-09-25T21:25:12.302-03:00  WARN 15892 --- [BarberShop] [           main] JpaBaseConfiguration$JpaWebConfiguration : spring.jpa.open-in-view is enabled by default. Therefore, database queries may be performed during view rendering. Explicitly configure spring.jpa.open-in-view to disable this warning
2024-09-25T21:25:12.772-03:00  INFO 15892 --- [BarberShop] [           main] a.controllertest.BarbeiroControllerTest  : Started BarbeiroControllerTest in 4.411 seconds (process running for 5.456)
]]></system-out>
  </testcase>
  <testcase name="test_DeleteErro" classname="app.controllertest.BarbeiroControllerTest" time="0.023">
    <failure message="expected: &lt;400 BAD_REQUEST&gt; but was: &lt;200 OK&gt;" type="org.opentest4j.AssertionFailedError"><![CDATA[org.opentest4j.AssertionFailedError: expected: <400 BAD_REQUEST> but was: <200 OK>
	at org.junit.jupiter.api.AssertionFailureBuilder.build(AssertionFailureBuilder.java:151)
	at org.junit.jupiter.api.AssertionFailureBuilder.buildAndThrow(AssertionFailureBuilder.java:132)
	at org.junit.jupiter.api.AssertEquals.failNotEqual(AssertEquals.java:197)
	at org.junit.jupiter.api.AssertEquals.assertEquals(AssertEquals.java:182)
	at org.junit.jupiter.api.AssertEquals.assertEquals(AssertEquals.java:177)
	at org.junit.jupiter.api.Assertions.assertEquals(Assertions.java:1145)
	at app.controllertest.BarbeiroControllerTest.test_DeleteErro(BarbeiroControllerTest.java:140)
	at java.base/java.lang.reflect.Method.invoke(Method.java:568)
	at java.base/java.util.ArrayList.forEach(ArrayList.java:1511)
	at java.base/java.util.ArrayList.forEach(ArrayList.java:1511)
]]></failure>
  </testcase>
  <testcase name="test_FindByIdSuccesso" classname="app.controllertest.BarbeiroControllerTest" time="0.005"/>
  <testcase name="test_Save" classname="app.controllertest.BarbeiroControllerTest" time="0.006"/>
  <testcase name="test_ValidationCPF" classname="app.controllertest.BarbeiroControllerTest" time="0.006">
    <failure message="expected: &lt;400 BAD_REQUEST&gt; but was: &lt;200 OK&gt;" type="org.opentest4j.AssertionFailedError"><![CDATA[org.opentest4j.AssertionFailedError: expected: <400 BAD_REQUEST> but was: <200 OK>
	at org.junit.jupiter.api.AssertionFailureBuilder.build(AssertionFailureBuilder.java:151)
	at org.junit.jupiter.api.AssertionFailureBuilder.buildAndThrow(AssertionFailureBuilder.java:132)
	at org.junit.jupiter.api.AssertEquals.failNotEqual(AssertEquals.java:197)
	at org.junit.jupiter.api.AssertEquals.assertEquals(AssertEquals.java:182)
	at org.junit.jupiter.api.AssertEquals.assertEquals(AssertEquals.java:177)
	at org.junit.jupiter.api.Assertions.assertEquals(Assertions.java:1145)
	at app.controllertest.BarbeiroControllerTest.test_ValidationCPF(BarbeiroControllerTest.java:64)
	at java.base/java.lang.reflect.Method.invoke(Method.java:568)
	at java.base/java.util.ArrayList.forEach(ArrayList.java:1511)
	at java.base/java.util.ArrayList.forEach(ArrayList.java:1511)
]]></failure>
  </testcase>
  <testcase name="test_FindAll" classname="app.controllertest.BarbeiroControllerTest" time="0.007"/>
  <testcase name="testSomething" classname="app.controllertest.BarbeiroControllerTest" time="0.006"/>
  <testcase name="test_UpdateSuccesso" classname="app.controllertest.BarbeiroControllerTest" time="0.005"/>
  <testcase name="test_UpdateErro" classname="app.controllertest.BarbeiroControllerTest" time="0.004">
    <failure message="expected: &lt;400 BAD_REQUEST&gt; but was: &lt;200 OK&gt;" type="org.opentest4j.AssertionFailedError"><![CDATA[org.opentest4j.AssertionFailedError: expected: <400 BAD_REQUEST> but was: <200 OK>
	at org.junit.jupiter.api.AssertionFailureBuilder.build(AssertionFailureBuilder.java:151)
	at org.junit.jupiter.api.AssertionFailureBuilder.buildAndThrow(AssertionFailureBuilder.java:132)
	at org.junit.jupiter.api.AssertEquals.failNotEqual(AssertEquals.java:197)
	at org.junit.jupiter.api.AssertEquals.assertEquals(AssertEquals.java:182)
	at org.junit.jupiter.api.AssertEquals.assertEquals(AssertEquals.java:177)
	at org.junit.jupiter.api.Assertions.assertEquals(Assertions.java:1145)
	at app.controllertest.BarbeiroControllerTest.test_UpdateErro(BarbeiroControllerTest.java:92)
	at java.base/java.lang.reflect.Method.invoke(Method.java:568)
	at java.base/java.util.ArrayList.forEach(ArrayList.java:1511)
	at java.base/java.util.ArrayList.forEach(ArrayList.java:1511)
]]></failure>
  </testcase>
  <testcase name="test_FindByIdErro" classname="app.controllertest.BarbeiroControllerTest" time="0.005">
    <failure message="expected: &lt;404 NOT_FOUND&gt; but was: &lt;200 OK&gt;" type="org.opentest4j.AssertionFailedError"><![CDATA[org.opentest4j.AssertionFailedError: expected: <404 NOT_FOUND> but was: <200 OK>
	at org.junit.jupiter.api.AssertionFailureBuilder.build(AssertionFailureBuilder.java:151)
	at org.junit.jupiter.api.AssertionFailureBuilder.buildAndThrow(AssertionFailureBuilder.java:132)
	at org.junit.jupiter.api.AssertEquals.failNotEqual(AssertEquals.java:197)
	at org.junit.jupiter.api.AssertEquals.assertEquals(AssertEquals.java:182)
	at org.junit.jupiter.api.AssertEquals.assertEquals(AssertEquals.java:177)
	at org.junit.jupiter.api.Assertions.assertEquals(Assertions.java:1145)
	at app.controllertest.BarbeiroControllerTest.test_FindByIdErro(BarbeiroControllerTest.java:110)
	at java.base/java.lang.reflect.Method.invoke(Method.java:568)
	at java.base/java.util.ArrayList.forEach(ArrayList.java:1511)
	at java.base/java.util.ArrayList.forEach(ArrayList.java:1511)
]]></failure>
  </testcase>
  <testcase name="test_DeleteSuccesso" classname="app.controllertest.BarbeiroControllerTest" time="0.013"/>
</testsuite>